0 info it worked if it ends with ok
1 verbose cli [ 'node', '/usr/local/bin/npm', 'install', 'localtunel', '-g' ]
2 info using npm@1.4.28
3 info using node@v0.10.32
4 verbose cache add [ 'localtunel', null ]
5 verbose cache add name=undefined spec="localtunel" args=["localtunel",null]
6 verbose parsed url { protocol: null,
6 verbose parsed url   slashes: null,
6 verbose parsed url   auth: null,
6 verbose parsed url   host: null,
6 verbose parsed url   port: null,
6 verbose parsed url   hostname: null,
6 verbose parsed url   hash: null,
6 verbose parsed url   search: null,
6 verbose parsed url   query: null,
6 verbose parsed url   pathname: 'localtunel',
6 verbose parsed url   path: 'localtunel',
6 verbose parsed url   href: 'localtunel' }
7 silly lockFile f0040f53-localtunel localtunel
8 verbose lock localtunel /Users/jhil/.npm/f0040f53-localtunel.lock
9 silly lockFile f0040f53-localtunel localtunel
10 silly lockFile f0040f53-localtunel localtunel
11 verbose addNamed [ 'localtunel', '' ]
12 verbose addNamed [ null, '*' ]
13 silly lockFile 2e03a670-localtunel localtunel@
14 verbose lock localtunel@ /Users/jhil/.npm/2e03a670-localtunel.lock
15 silly addNameRange { name: 'localtunel', range: '*', hasData: false }
16 verbose request where is /localtunel
17 verbose request registry https://registry.npmjs.org/
18 verbose request id 972d445b885be40c
19 verbose url raw /localtunel
20 verbose url resolving [ 'https://registry.npmjs.org/', './localtunel' ]
21 verbose url resolved https://registry.npmjs.org/localtunel
22 verbose request where is https://registry.npmjs.org/localtunel
23 info trying registry request attempt 1 at 22:08:20
24 http GET https://registry.npmjs.org/localtunel
25 http 404 https://registry.npmjs.org/localtunel
26 silly registry.get cb [ 404,
26 silly registry.get   { 'content-type': 'application/json',
26 silly registry.get     'cache-control': 'max-age=0',
26 silly registry.get     'content-length': '2',
26 silly registry.get     'accept-ranges': 'bytes',
26 silly registry.get     date: 'Sun, 29 Nov 2015 03:08:19 GMT',
26 silly registry.get     via: '1.1 varnish',
26 silly registry.get     age: '0',
26 silly registry.get     connection: 'keep-alive',
26 silly registry.get     'x-served-by': 'cache-atl6227-ATL',
26 silly registry.get     'x-cache': 'MISS',
26 silly registry.get     'x-cache-hits': '0',
26 silly registry.get     'x-timer': 'S1448766499.621727,VS0,VE87' } ]
27 silly lockFile 2e03a670-localtunel localtunel@
28 silly lockFile 2e03a670-localtunel localtunel@
29 error 404 Not Found
29 error 404
29 error 404 'localtunel' is not in the npm registry.
29 error 404 You should bug the author to publish it
29 error 404
29 error 404 Note that you can also install from a
29 error 404 tarball, folder, or http url, or git url.
30 error System Darwin 15.0.0
31 error command "node" "/usr/local/bin/npm" "install" "localtunel" "-g"
32 error cwd /Users/jhil/Documents/burgundy
33 error node -v v0.10.32
34 error npm -v 1.4.28
35 error code E404
36 verbose exit [ 1, true ]
